{"/Users/benjaminng/Personal_Files/HackReactor/FEC/PPFEC/client/src/components/App.jsx": {"path":"/Users/benjaminng/Personal_Files/HackReactor/FEC/PPFEC/client/src/components/App.jsx","statementMap":{"0":{"start":{"line":9,"column":4},"end":{"line":9,"column":17}},"1":{"start":{"line":10,"column":4},"end":{"line":16,"column":5}},"2":{"start":{"line":20,"column":15},"end":{"line":20,"column":39}},"3":{"start":{"line":21,"column":4},"end":{"line":31,"column":39}},"4":{"start":{"line":23,"column":6},"end":{"line":29,"column":8}},"5":{"start":{"line":31,"column":21},"end":{"line":31,"column":37}},"6":{"start":{"line":36,"column":4},"end":{"line":46,"column":5}},"7":{"start":{"line":37,"column":6},"end":{"line":43,"column":8}},"8":{"start":{"line":45,"column":6},"end":{"line":45,"column":24}}},"fnMap":{"0":{"name":"(anonymous_0)","decl":{"start":{"line":8,"column":2},"end":{"line":8,"column":3}},"loc":{"start":{"line":8,"column":21},"end":{"line":17,"column":3}},"line":8},"1":{"name":"(anonymous_1)","decl":{"start":{"line":19,"column":2},"end":{"line":19,"column":3}},"loc":{"start":{"line":19,"column":22},"end":{"line":32,"column":3}},"line":19},"2":{"name":"(anonymous_2)","decl":{"start":{"line":22,"column":10},"end":{"line":22,"column":11}},"loc":{"start":{"line":22,"column":18},"end":{"line":30,"column":5}},"line":22},"3":{"name":"(anonymous_3)","decl":{"start":{"line":31,"column":11},"end":{"line":31,"column":12}},"loc":{"start":{"line":31,"column":20},"end":{"line":31,"column":38}},"line":31},"4":{"name":"(anonymous_4)","decl":{"start":{"line":35,"column":2},"end":{"line":35,"column":3}},"loc":{"start":{"line":35,"column":11},"end":{"line":47,"column":3}},"line":35}},"branchMap":{"0":{"loc":{"start":{"line":36,"column":4},"end":{"line":46,"column":5}},"type":"if","locations":[{"start":{"line":36,"column":4},"end":{"line":46,"column":5}},{"start":{"line":36,"column":4},"end":{"line":46,"column":5}}],"line":36}},"s":{"0":1,"1":1,"2":1,"3":1,"4":0,"5":0,"6":1,"7":0,"8":1},"f":{"0":1,"1":1,"2":0,"3":0,"4":1},"b":{"0":[0,1]},"_coverageSchema":"1a1c01bbd47fc00a2c39e90264f33305004495a9","hash":"9a5b2b4543fe26994471eb2b6805ed59be835e98"}
,"/Users/benjaminng/Personal_Files/HackReactor/FEC/PPFEC/client/src/components/Product.jsx": {"path":"/Users/benjaminng/Personal_Files/HackReactor/FEC/PPFEC/client/src/components/Product.jsx","statementMap":{"0":{"start":{"line":5,"column":4},"end":{"line":5,"column":16}},"1":{"start":{"line":6,"column":4},"end":{"line":8,"column":5}},"2":{"start":{"line":13,"column":4},"end":{"line":15,"column":6}}},"fnMap":{"0":{"name":"(anonymous_0)","decl":{"start":{"line":4,"column":2},"end":{"line":4,"column":3}},"loc":{"start":{"line":4,"column":21},"end":{"line":9,"column":3}},"line":4},"1":{"name":"(anonymous_1)","decl":{"start":{"line":11,"column":2},"end":{"line":11,"column":3}},"loc":{"start":{"line":11,"column":12},"end":{"line":16,"column":3}},"line":11}},"branchMap":{},"s":{"0":0,"1":0,"2":0},"f":{"0":0,"1":0},"b":{},"_coverageSchema":"1a1c01bbd47fc00a2c39e90264f33305004495a9","hash":"f9dfc1c2ce8c749aea816c3617a3d861bb8efe53"}
,"/Users/benjaminng/Personal_Files/HackReactor/FEC/PPFEC/client/src/components/QnA.jsx": {"path":"/Users/benjaminng/Personal_Files/HackReactor/FEC/PPFEC/client/src/components/QnA.jsx","statementMap":{"0":{"start":{"line":5,"column":4},"end":{"line":5,"column":17}},"1":{"start":{"line":6,"column":4},"end":{"line":8,"column":6}},"2":{"start":{"line":12,"column":4},"end":{"line":14,"column":6}}},"fnMap":{"0":{"name":"(anonymous_0)","decl":{"start":{"line":4,"column":2},"end":{"line":4,"column":3}},"loc":{"start":{"line":4,"column":21},"end":{"line":9,"column":3}},"line":4},"1":{"name":"(anonymous_1)","decl":{"start":{"line":11,"column":2},"end":{"line":11,"column":3}},"loc":{"start":{"line":11,"column":11},"end":{"line":15,"column":3}},"line":11}},"branchMap":{},"s":{"0":0,"1":0,"2":0},"f":{"0":0,"1":0},"b":{},"_coverageSchema":"1a1c01bbd47fc00a2c39e90264f33305004495a9","hash":"44c1e7c3e53b75f1f7ab1d5431df651129b341e0"}
,"/Users/benjaminng/Personal_Files/HackReactor/FEC/PPFEC/client/src/components/Reviews.jsx": {"path":"/Users/benjaminng/Personal_Files/HackReactor/FEC/PPFEC/client/src/components/Reviews.jsx","statementMap":{"0":{"start":{"line":8,"column":25},"end":{"line":18,"column":1}},"1":{"start":{"line":20,"column":21},"end":{"line":24,"column":1}},"2":{"start":{"line":26,"column":16},"end":{"line":31,"column":1}},"3":{"start":{"line":33,"column":22},"end":{"line":41,"column":1}},"4":{"start":{"line":43,"column":16},"end":{"line":60,"column":1}},"5":{"start":{"line":44,"column":35},"end":{"line":44,"column":40}},"6":{"start":{"line":45,"column":2},"end":{"line":45,"column":23}},"7":{"start":{"line":46,"column":2},"end":{"line":46,"column":27}},"8":{"start":{"line":47,"column":2},"end":{"line":59,"column":4}}},"fnMap":{"0":{"name":"(anonymous_0)","decl":{"start":{"line":43,"column":16},"end":{"line":43,"column":17}},"loc":{"start":{"line":43,"column":27},"end":{"line":60,"column":1}},"line":43}},"branchMap":{},"s":{"0":1,"1":1,"2":1,"3":1,"4":1,"5":0,"6":0,"7":0,"8":0},"f":{"0":0},"b":{},"_coverageSchema":"1a1c01bbd47fc00a2c39e90264f33305004495a9","hash":"391291867a8a2dc21c80fca4f691b16970af6f53"}
,"/Users/benjaminng/Personal_Files/HackReactor/FEC/PPFEC/client/src/components/reviewsSubComponents/AddReviewForm.jsx": {"path":"/Users/benjaminng/Personal_Files/HackReactor/FEC/PPFEC/client/src/components/reviewsSubComponents/AddReviewForm.jsx","statementMap":{"0":{"start":{"line":6,"column":30},"end":{"line":13,"column":1}},"1":{"start":{"line":15,"column":21},"end":{"line":18,"column":1}},"2":{"start":{"line":20,"column":27},"end":{"line":24,"column":1}},"3":{"start":{"line":26,"column":38},"end":{"line":30,"column":1}},"4":{"start":{"line":32,"column":19},"end":{"line":38,"column":1}},"5":{"start":{"line":42,"column":4},"end":{"line":42,"column":17}},"6":{"start":{"line":43,"column":4},"end":{"line":45,"column":6}},"7":{"start":{"line":49,"column":31},"end":{"line":49,"column":65}},"8":{"start":{"line":50,"column":4},"end":{"line":105,"column":6}},"9":{"start":{"line":67,"column":12},"end":{"line":77,"column":18}},"10":{"start":{"line":71,"column":18},"end":{"line":74,"column":39}}},"fnMap":{"0":{"name":"(anonymous_0)","decl":{"start":{"line":41,"column":2},"end":{"line":41,"column":3}},"loc":{"start":{"line":41,"column":21},"end":{"line":46,"column":3}},"line":41},"1":{"name":"(anonymous_1)","decl":{"start":{"line":48,"column":2},"end":{"line":48,"column":3}},"loc":{"start":{"line":48,"column":11},"end":{"line":106,"column":3}},"line":48},"2":{"name":"(anonymous_2)","decl":{"start":{"line":66,"column":34},"end":{"line":66,"column":35}},"loc":{"start":{"line":67,"column":12},"end":{"line":77,"column":18}},"line":67},"3":{"name":"(anonymous_3)","decl":{"start":{"line":70,"column":48},"end":{"line":70,"column":49}},"loc":{"start":{"line":71,"column":18},"end":{"line":74,"column":39}},"line":71}},"branchMap":{},"s":{"0":1,"1":1,"2":1,"3":1,"4":1,"5":0,"6":0,"7":0,"8":0,"9":0,"10":0},"f":{"0":0,"1":0,"2":0,"3":0},"b":{},"_coverageSchema":"1a1c01bbd47fc00a2c39e90264f33305004495a9","hash":"8573a1d306e13898e64060c73ae55d16f83352c1"}
,"/Users/benjaminng/Personal_Files/HackReactor/FEC/PPFEC/client/src/components/reviewsSubComponents/Modal.jsx": {"path":"/Users/benjaminng/Personal_Files/HackReactor/FEC/PPFEC/client/src/components/reviewsSubComponents/Modal.jsx","statementMap":{"0":{"start":{"line":5,"column":20},"end":{"line":18,"column":1}},"1":{"start":{"line":20,"column":18},"end":{"line":35,"column":1}},"2":{"start":{"line":38,"column":4},"end":{"line":48,"column":6}}},"fnMap":{"0":{"name":"(anonymous_0)","decl":{"start":{"line":37,"column":2},"end":{"line":37,"column":3}},"loc":{"start":{"line":37,"column":11},"end":{"line":49,"column":3}},"line":37}},"branchMap":{},"s":{"0":1,"1":1,"2":0},"f":{"0":0},"b":{},"_coverageSchema":"1a1c01bbd47fc00a2c39e90264f33305004495a9","hash":"d97e4d714b2640b457a71084198016b8190cdb14"}
,"/Users/benjaminng/Personal_Files/HackReactor/FEC/PPFEC/client/src/components/reviewsSubComponents/ProductBreakDown.jsx": {"path":"/Users/benjaminng/Personal_Files/HackReactor/FEC/PPFEC/client/src/components/reviewsSubComponents/ProductBreakDown.jsx","statementMap":{"0":{"start":{"line":4,"column":31},"end":{"line":6,"column":1}},"1":{"start":{"line":8,"column":24},"end":{"line":11,"column":1}},"2":{"start":{"line":13,"column":26},"end":{"line":17,"column":1}},"3":{"start":{"line":19,"column":16},"end":{"line":24,"column":1}},"4":{"start":{"line":26,"column":19},"end":{"line":29,"column":1}},"5":{"start":{"line":31,"column":26},"end":{"line":38,"column":1}},"6":{"start":{"line":37,"column":27},"end":{"line":37,"column":48}},"7":{"start":{"line":41,"column":21},"end":{"line":41,"column":48}},"8":{"start":{"line":42,"column":19},"end":{"line":42,"column":56}},"9":{"start":{"line":43,"column":18},"end":{"line":43,"column":35}},"10":{"start":{"line":44,"column":2},"end":{"line":46,"column":3}},"11":{"start":{"line":45,"column":4},"end":{"line":45,"column":20}},"12":{"start":{"line":47,"column":2},"end":{"line":47,"column":17}},"13":{"start":{"line":50,"column":25},"end":{"line":77,"column":1}},"14":{"start":{"line":51,"column":26},"end":{"line":51,"column":66}},"15":{"start":{"line":52,"column":2},"end":{"line":76,"column":4}},"16":{"start":{"line":54,"column":25},"end":{"line":54,"column":92}},"17":{"start":{"line":55,"column":21},"end":{"line":55,"column":45}},"18":{"start":{"line":56,"column":6},"end":{"line":74,"column":8}},"19":{"start":{"line":66,"column":14},"end":{"line":70,"column":21}}},"fnMap":{"0":{"name":"(anonymous_0)","decl":{"start":{"line":37,"column":10},"end":{"line":37,"column":11}},"loc":{"start":{"line":37,"column":27},"end":{"line":37,"column":48}},"line":37},"1":{"name":"getRange","decl":{"start":{"line":40,"column":9},"end":{"line":40,"column":17}},"loc":{"start":{"line":40,"column":34},"end":{"line":48,"column":1}},"line":40},"2":{"name":"(anonymous_2)","decl":{"start":{"line":50,"column":25},"end":{"line":50,"column":26}},"loc":{"start":{"line":50,"column":46},"end":{"line":77,"column":1}},"line":50},"3":{"name":"(anonymous_3)","decl":{"start":{"line":53,"column":24},"end":{"line":53,"column":25}},"loc":{"start":{"line":53,"column":44},"end":{"line":75,"column":5}},"line":53},"4":{"name":"(anonymous_4)","decl":{"start":{"line":65,"column":25},"end":{"line":65,"column":26}},"loc":{"start":{"line":66,"column":14},"end":{"line":70,"column":21}},"line":66}},"branchMap":{"0":{"loc":{"start":{"line":44,"column":2},"end":{"line":46,"column":3}},"type":"if","locations":[{"start":{"line":44,"column":2},"end":{"line":46,"column":3}},{"start":{"line":44,"column":2},"end":{"line":46,"column":3}}],"line":44}},"s":{"0":1,"1":1,"2":1,"3":1,"4":1,"5":1,"6":0,"7":0,"8":0,"9":0,"10":0,"11":0,"12":0,"13":1,"14":0,"15":0,"16":0,"17":0,"18":0,"19":0},"f":{"0":0,"1":0,"2":0,"3":0,"4":0},"b":{"0":[0,0]},"_coverageSchema":"1a1c01bbd47fc00a2c39e90264f33305004495a9","hash":"e38094aa533357fae3be6f4a19ea1e6bf8c8df03"}
,"/Users/benjaminng/Personal_Files/HackReactor/FEC/PPFEC/client/src/components/reviewsSubComponents/RatingBreakDown.jsx": {"path":"/Users/benjaminng/Personal_Files/HackReactor/FEC/PPFEC/client/src/components/reviewsSubComponents/RatingBreakDown.jsx","statementMap":{"0":{"start":{"line":4,"column":25},"end":{"line":11,"column":1}},"1":{"start":{"line":13,"column":21},"end":{"line":17,"column":1}},"2":{"start":{"line":19,"column":16},"end":{"line":24,"column":1}},"3":{"start":{"line":26,"column":19},"end":{"line":29,"column":1}},"4":{"start":{"line":31,"column":19},"end":{"line":34,"column":1}},"5":{"start":{"line":33,"column":28},"end":{"line":33,"column":35}},"6":{"start":{"line":36,"column":28},"end":{"line":40,"column":1}},"7":{"start":{"line":44,"column":4},"end":{"line":44,"column":17}},"8":{"start":{"line":45,"column":4},"end":{"line":47,"column":6}},"9":{"start":{"line":48,"column":4},"end":{"line":48,"column":55}},"10":{"start":{"line":49,"column":4},"end":{"line":49,"column":61}},"11":{"start":{"line":53,"column":28},"end":{"line":53,"column":38}},"12":{"start":{"line":54,"column":22},"end":{"line":54,"column":23}},"13":{"start":{"line":55,"column":21},"end":{"line":55,"column":22}},"14":{"start":{"line":56,"column":18},"end":{"line":56,"column":50}},"15":{"start":{"line":57,"column":4},"end":{"line":59,"column":7}},"16":{"start":{"line":58,"column":6},"end":{"line":58,"column":55}},"17":{"start":{"line":60,"column":4},"end":{"line":62,"column":5}},"18":{"start":{"line":61,"column":6},"end":{"line":61,"column":24}},"19":{"start":{"line":63,"column":4},"end":{"line":63,"column":71}},"20":{"start":{"line":64,"column":4},"end":{"line":64,"column":22}},"21":{"start":{"line":68,"column":28},"end":{"line":68,"column":38}},"22":{"start":{"line":69,"column":4},"end":{"line":70,"column":93}},"23":{"start":{"line":74,"column":22},"end":{"line":74,"column":32}},"24":{"start":{"line":75,"column":4},"end":{"line":97,"column":6}},"25":{"start":{"line":79,"column":12},"end":{"line":89,"column":31}}},"fnMap":{"0":{"name":"(anonymous_0)","decl":{"start":{"line":33,"column":11},"end":{"line":33,"column":12}},"loc":{"start":{"line":33,"column":28},"end":{"line":33,"column":35}},"line":33},"1":{"name":"(anonymous_1)","decl":{"start":{"line":43,"column":2},"end":{"line":43,"column":3}},"loc":{"start":{"line":43,"column":21},"end":{"line":50,"column":3}},"line":43},"2":{"name":"(anonymous_2)","decl":{"start":{"line":52,"column":2},"end":{"line":52,"column":3}},"loc":{"start":{"line":52,"column":28},"end":{"line":65,"column":3}},"line":52},"3":{"name":"(anonymous_3)","decl":{"start":{"line":57,"column":18},"end":{"line":57,"column":19}},"loc":{"start":{"line":57,"column":28},"end":{"line":59,"column":5}},"line":57},"4":{"name":"(anonymous_4)","decl":{"start":{"line":67,"column":2},"end":{"line":67,"column":3}},"loc":{"start":{"line":67,"column":21},"end":{"line":71,"column":3}},"line":67},"5":{"name":"(anonymous_5)","decl":{"start":{"line":73,"column":2},"end":{"line":73,"column":3}},"loc":{"start":{"line":73,"column":11},"end":{"line":98,"column":3}},"line":73},"6":{"name":"(anonymous_6)","decl":{"start":{"line":78,"column":21},"end":{"line":78,"column":22}},"loc":{"start":{"line":79,"column":12},"end":{"line":89,"column":31}},"line":79}},"branchMap":{"0":{"loc":{"start":{"line":60,"column":4},"end":{"line":62,"column":5}},"type":"if","locations":[{"start":{"line":60,"column":4},"end":{"line":62,"column":5}},{"start":{"line":60,"column":4},"end":{"line":62,"column":5}}],"line":60}},"s":{"0":1,"1":1,"2":1,"3":1,"4":1,"5":0,"6":1,"7":0,"8":0,"9":0,"10":0,"11":0,"12":0,"13":0,"14":0,"15":0,"16":0,"17":0,"18":0,"19":0,"20":0,"21":0,"22":0,"23":0,"24":0,"25":0},"f":{"0":0,"1":0,"2":0,"3":0,"4":0,"5":0,"6":0},"b":{"0":[0,0]},"_coverageSchema":"1a1c01bbd47fc00a2c39e90264f33305004495a9","hash":"40990121b66a7d929784e0e86534b0657e554b22"}
,"/Users/benjaminng/Personal_Files/HackReactor/FEC/PPFEC/client/src/components/reviewsSubComponents/RatingStars.jsx": {"path":"/Users/benjaminng/Personal_Files/HackReactor/FEC/PPFEC/client/src/components/reviewsSubComponents/RatingStars.jsx","statementMap":{"0":{"start":{"line":4,"column":23},"end":{"line":31,"column":1}},"1":{"start":{"line":15,"column":30},"end":{"line":15,"column":37}},"2":{"start":{"line":33,"column":20},"end":{"line":51,"column":1}},"3":{"start":{"line":34,"column":2},"end":{"line":49,"column":19}}},"fnMap":{"0":{"name":"(anonymous_0)","decl":{"start":{"line":15,"column":13},"end":{"line":15,"column":14}},"loc":{"start":{"line":15,"column":30},"end":{"line":15,"column":37}},"line":15},"1":{"name":"(anonymous_1)","decl":{"start":{"line":33,"column":20},"end":{"line":33,"column":21}},"loc":{"start":{"line":34,"column":2},"end":{"line":49,"column":19}},"line":34}},"branchMap":{},"s":{"0":1,"1":0,"2":1,"3":0},"f":{"0":0,"1":0},"b":{},"_coverageSchema":"1a1c01bbd47fc00a2c39e90264f33305004495a9","hash":"0605168649df1f8cdfb5d49beba2913a547a23f1"}
,"/Users/benjaminng/Personal_Files/HackReactor/FEC/PPFEC/client/src/components/reviewsSubComponents/RatingSummary.jsx": {"path":"/Users/benjaminng/Personal_Files/HackReactor/FEC/PPFEC/client/src/components/reviewsSubComponents/RatingSummary.jsx","statementMap":{"0":{"start":{"line":5,"column":20},"end":{"line":8,"column":1}},"1":{"start":{"line":10,"column":23},"end":{"line":15,"column":1}},"2":{"start":{"line":17,"column":22},"end":{"line":33,"column":1}},"3":{"start":{"line":18,"column":20},"end":{"line":18,"column":21}},"4":{"start":{"line":19,"column":25},"end":{"line":19,"column":26}},"5":{"start":{"line":20,"column":16},"end":{"line":20,"column":48}},"6":{"start":{"line":21,"column":2},"end":{"line":24,"column":5}},"7":{"start":{"line":22,"column":4},"end":{"line":22,"column":70}},"8":{"start":{"line":23,"column":4},"end":{"line":23,"column":58}},"9":{"start":{"line":26,"column":20},"end":{"line":26,"column":75}},"10":{"start":{"line":27,"column":2},"end":{"line":32,"column":4}}},"fnMap":{"0":{"name":"(anonymous_0)","decl":{"start":{"line":17,"column":22},"end":{"line":17,"column":23}},"loc":{"start":{"line":17,"column":43},"end":{"line":33,"column":1}},"line":17},"1":{"name":"(anonymous_1)","decl":{"start":{"line":21,"column":16},"end":{"line":21,"column":17}},"loc":{"start":{"line":21,"column":26},"end":{"line":24,"column":3}},"line":21}},"branchMap":{},"s":{"0":1,"1":1,"2":1,"3":0,"4":0,"5":0,"6":0,"7":0,"8":0,"9":0,"10":0},"f":{"0":0,"1":0},"b":{},"_coverageSchema":"1a1c01bbd47fc00a2c39e90264f33305004495a9","hash":"9f127e1b3cdcd065d9dc5eef17598175b49b55e1"}
,"/Users/benjaminng/Personal_Files/HackReactor/FEC/PPFEC/client/src/components/reviewsSubComponents/ReviewTile.jsx": {"path":"/Users/benjaminng/Personal_Files/HackReactor/FEC/PPFEC/client/src/components/reviewsSubComponents/ReviewTile.jsx","statementMap":{"0":{"start":{"line":6,"column":22},"end":{"line":10,"column":1}},"1":{"start":{"line":12,"column":19},"end":{"line":13,"column":67}},"2":{"start":{"line":15,"column":24},"end":{"line":19,"column":1}},"3":{"start":{"line":21,"column":24},"end":{"line":24,"column":1}},"4":{"start":{"line":26,"column":28},"end":{"line":37,"column":1}},"5":{"start":{"line":39,"column":27},"end":{"line":43,"column":1}},"6":{"start":{"line":47,"column":4},"end":{"line":47,"column":17}},"7":{"start":{"line":48,"column":4},"end":{"line":50,"column":6}},"8":{"start":{"line":54,"column":23},"end":{"line":54,"column":33}},"9":{"start":{"line":57,"column":8},"end":{"line":57,"column":14}},"10":{"start":{"line":59,"column":23},"end":{"line":59,"column":37}},"11":{"start":{"line":60,"column":18},"end":{"line":60,"column":54}},"12":{"start":{"line":61,"column":16},"end":{"line":61,"column":39}},"13":{"start":{"line":62,"column":17},"end":{"line":62,"column":44}},"14":{"start":{"line":65,"column":23},"end":{"line":65,"column":41}},"15":{"start":{"line":70,"column":4},"end":{"line":72,"column":5}},"16":{"start":{"line":71,"column":6},"end":{"line":71,"column":61}},"17":{"start":{"line":74,"column":4},"end":{"line":81,"column":5}},"18":{"start":{"line":75,"column":6},"end":{"line":80,"column":8}},"19":{"start":{"line":84,"column":4},"end":{"line":92,"column":5}},"20":{"start":{"line":85,"column":6},"end":{"line":91,"column":8}},"21":{"start":{"line":88,"column":12},"end":{"line":88,"column":94}},"22":{"start":{"line":94,"column":4},"end":{"line":127,"column":6}}},"fnMap":{"0":{"name":"(anonymous_0)","decl":{"start":{"line":46,"column":2},"end":{"line":46,"column":3}},"loc":{"start":{"line":46,"column":21},"end":{"line":51,"column":3}},"line":46},"1":{"name":"(anonymous_1)","decl":{"start":{"line":53,"column":2},"end":{"line":53,"column":3}},"loc":{"start":{"line":53,"column":11},"end":{"line":128,"column":3}},"line":53},"2":{"name":"(anonymous_2)","decl":{"start":{"line":87,"column":29},"end":{"line":87,"column":30}},"loc":{"start":{"line":88,"column":12},"end":{"line":88,"column":94}},"line":88}},"branchMap":{"0":{"loc":{"start":{"line":70,"column":4},"end":{"line":72,"column":5}},"type":"if","locations":[{"start":{"line":70,"column":4},"end":{"line":72,"column":5}},{"start":{"line":70,"column":4},"end":{"line":72,"column":5}}],"line":70},"1":{"loc":{"start":{"line":74,"column":4},"end":{"line":81,"column":5}},"type":"if","locations":[{"start":{"line":74,"column":4},"end":{"line":81,"column":5}},{"start":{"line":74,"column":4},"end":{"line":81,"column":5}}],"line":74},"2":{"loc":{"start":{"line":84,"column":4},"end":{"line":92,"column":5}},"type":"if","locations":[{"start":{"line":84,"column":4},"end":{"line":92,"column":5}},{"start":{"line":84,"column":4},"end":{"line":92,"column":5}}],"line":84}},"s":{"0":1,"1":1,"2":1,"3":1,"4":1,"5":1,"6":0,"7":0,"8":0,"9":0,"10":0,"11":0,"12":0,"13":0,"14":0,"15":0,"16":0,"17":0,"18":0,"19":0,"20":0,"21":0,"22":0},"f":{"0":0,"1":0,"2":0},"b":{"0":[0,0],"1":[0,0],"2":[0,0]},"_coverageSchema":"1a1c01bbd47fc00a2c39e90264f33305004495a9","hash":"26a016886f132ede8f612dc47b21d35c30750ae3"}
,"/Users/benjaminng/Personal_Files/HackReactor/FEC/PPFEC/client/src/components/reviewsSubComponents/ReviewsList.jsx": {"path":"/Users/benjaminng/Personal_Files/HackReactor/FEC/PPFEC/client/src/components/reviewsSubComponents/ReviewsList.jsx","statementMap":{"0":{"start":{"line":7,"column":23},"end":{"line":13,"column":1}},"1":{"start":{"line":15,"column":22},"end":{"line":20,"column":1}},"2":{"start":{"line":22,"column":20},"end":{"line":28,"column":1}},"3":{"start":{"line":30,"column":21},"end":{"line":36,"column":1}},"4":{"start":{"line":40,"column":4},"end":{"line":40,"column":17}},"5":{"start":{"line":41,"column":4},"end":{"line":46,"column":6}},"6":{"start":{"line":47,"column":4},"end":{"line":47,"column":51}},"7":{"start":{"line":48,"column":4},"end":{"line":48,"column":59}},"8":{"start":{"line":52,"column":23},"end":{"line":52,"column":25}},"9":{"start":{"line":53,"column":20},"end":{"line":53,"column":21}},"10":{"start":{"line":54,"column":4},"end":{"line":57,"column":5}},"11":{"start":{"line":55,"column":6},"end":{"line":55,"column":61}},"12":{"start":{"line":56,"column":6},"end":{"line":56,"column":21}},"13":{"start":{"line":58,"column":4},"end":{"line":61,"column":7}},"14":{"start":{"line":65,"column":20},"end":{"line":65,"column":22}},"15":{"start":{"line":66,"column":16},"end":{"line":66,"column":17}},"16":{"start":{"line":67,"column":22},"end":{"line":67,"column":67}},"17":{"start":{"line":68,"column":4},"end":{"line":72,"column":5}},"18":{"start":{"line":69,"column":6},"end":{"line":69,"column":60}},"19":{"start":{"line":70,"column":6},"end":{"line":70,"column":17}},"20":{"start":{"line":71,"column":6},"end":{"line":71,"column":23}},"21":{"start":{"line":73,"column":4},"end":{"line":75,"column":8}},"22":{"start":{"line":73,"column":34},"end":{"line":75,"column":5}},"23":{"start":{"line":79,"column":4},"end":{"line":87,"column":5}},"24":{"start":{"line":80,"column":6},"end":{"line":82,"column":9}},"25":{"start":{"line":84,"column":6},"end":{"line":86,"column":9}},"26":{"start":{"line":93,"column":4},"end":{"line":95,"column":5}},"27":{"start":{"line":94,"column":6},"end":{"line":94,"column":91}},"28":{"start":{"line":97,"column":24},"end":{"line":97,"column":34}},"29":{"start":{"line":98,"column":4},"end":{"line":116,"column":6}},"30":{"start":{"line":107,"column":12},"end":{"line":107,"column":65}}},"fnMap":{"0":{"name":"(anonymous_0)","decl":{"start":{"line":39,"column":2},"end":{"line":39,"column":3}},"loc":{"start":{"line":39,"column":21},"end":{"line":49,"column":3}},"line":39},"1":{"name":"(anonymous_1)","decl":{"start":{"line":51,"column":2},"end":{"line":51,"column":3}},"loc":{"start":{"line":51,"column":22},"end":{"line":62,"column":3}},"line":51},"2":{"name":"(anonymous_2)","decl":{"start":{"line":64,"column":2},"end":{"line":64,"column":3}},"loc":{"start":{"line":64,"column":16},"end":{"line":76,"column":3}},"line":64},"3":{"name":"(anonymous_3)","decl":{"start":{"line":73,"column":18},"end":{"line":73,"column":19}},"loc":{"start":{"line":73,"column":34},"end":{"line":75,"column":5}},"line":73},"4":{"name":"(anonymous_4)","decl":{"start":{"line":78,"column":2},"end":{"line":78,"column":3}},"loc":{"start":{"line":78,"column":20},"end":{"line":88,"column":3}},"line":78},"5":{"name":"(anonymous_5)","decl":{"start":{"line":90,"column":2},"end":{"line":90,"column":3}},"loc":{"start":{"line":90,"column":11},"end":{"line":117,"column":3}},"line":90},"6":{"name":"(anonymous_6)","decl":{"start":{"line":106,"column":38},"end":{"line":106,"column":39}},"loc":{"start":{"line":107,"column":12},"end":{"line":107,"column":65}},"line":107}},"branchMap":{"0":{"loc":{"start":{"line":68,"column":11},"end":{"line":68,"column":78}},"type":"binary-expr","locations":[{"start":{"line":68,"column":11},"end":{"line":68,"column":42}},{"start":{"line":68,"column":46},"end":{"line":68,"column":78}}],"line":68},"1":{"loc":{"start":{"line":79,"column":4},"end":{"line":87,"column":5}},"type":"if","locations":[{"start":{"line":79,"column":4},"end":{"line":87,"column":5}},{"start":{"line":79,"column":4},"end":{"line":87,"column":5}}],"line":79},"2":{"loc":{"start":{"line":93,"column":4},"end":{"line":95,"column":5}},"type":"if","locations":[{"start":{"line":93,"column":4},"end":{"line":95,"column":5}},{"start":{"line":93,"column":4},"end":{"line":95,"column":5}}],"line":93},"3":{"loc":{"start":{"line":112,"column":11},"end":{"line":113,"column":78}},"type":"binary-expr","locations":[{"start":{"line":112,"column":11},"end":{"line":112,"column":35}},{"start":{"line":113,"column":10},"end":{"line":113,"column":77}}],"line":112}},"s":{"0":1,"1":1,"2":1,"3":1,"4":0,"5":0,"6":0,"7":0,"8":0,"9":0,"10":0,"11":0,"12":0,"13":0,"14":0,"15":0,"16":0,"17":0,"18":0,"19":0,"20":0,"21":0,"22":0,"23":0,"24":0,"25":0,"26":0,"27":0,"28":0,"29":0,"30":0},"f":{"0":0,"1":0,"2":0,"3":0,"4":0,"5":0,"6":0},"b":{"0":[0,0],"1":[0,0],"2":[0,0],"3":[0,0]},"_coverageSchema":"1a1c01bbd47fc00a2c39e90264f33305004495a9","hash":"973b2d5efe236ab2daa2d3049b8fe4d22db5956f"}
,"/Users/benjaminng/Personal_Files/HackReactor/FEC/PPFEC/tests/sum.js": {"path":"/Users/benjaminng/Personal_Files/HackReactor/FEC/PPFEC/tests/sum.js","statementMap":{"0":{"start":{"line":2,"column":2},"end":{"line":2,"column":15}},"1":{"start":{"line":4,"column":0},"end":{"line":4,"column":21}}},"fnMap":{"0":{"name":"sum","decl":{"start":{"line":1,"column":9},"end":{"line":1,"column":12}},"loc":{"start":{"line":1,"column":19},"end":{"line":3,"column":1}},"line":1}},"branchMap":{},"s":{"0":1,"1":1},"f":{"0":1},"b":{},"_coverageSchema":"1a1c01bbd47fc00a2c39e90264f33305004495a9","hash":"d0ba8c7463e6a1cb4994575d0ab3214bce045e4a"}
}
