{"/Users/jacobwpeterson/SEI133/PPFEC/client/src/components/App.jsx": {"path":"/Users/jacobwpeterson/SEI133/PPFEC/client/src/components/App.jsx","statementMap":{"0":{"start":{"line":9,"column":4},"end":{"line":9,"column":17}},"1":{"start":{"line":10,"column":4},"end":{"line":16,"column":6}},"2":{"start":{"line":20,"column":17},"end":{"line":20,"column":41}},"3":{"start":{"line":21,"column":4},"end":{"line":31,"column":38}},"4":{"start":{"line":23,"column":8},"end":{"line":29,"column":11}},"5":{"start":{"line":31,"column":24},"end":{"line":31,"column":34}},"6":{"start":{"line":35,"column":4},"end":{"line":44,"column":5}},"7":{"start":{"line":36,"column":6},"end":{"line":43,"column":8}},"8":{"start":{"line":45,"column":4},"end":{"line":45,"column":19}}},"fnMap":{"0":{"name":"(anonymous_0)","decl":{"start":{"line":8,"column":2},"end":{"line":8,"column":3}},"loc":{"start":{"line":8,"column":21},"end":{"line":17,"column":3}},"line":8},"1":{"name":"(anonymous_1)","decl":{"start":{"line":19,"column":2},"end":{"line":19,"column":3}},"loc":{"start":{"line":19,"column":22},"end":{"line":32,"column":3}},"line":19},"2":{"name":"(anonymous_2)","decl":{"start":{"line":22,"column":12},"end":{"line":22,"column":13}},"loc":{"start":{"line":22,"column":21},"end":{"line":30,"column":7}},"line":22},"3":{"name":"(anonymous_3)","decl":{"start":{"line":31,"column":13},"end":{"line":31,"column":14}},"loc":{"start":{"line":31,"column":22},"end":{"line":31,"column":36}},"line":31},"4":{"name":"(anonymous_4)","decl":{"start":{"line":34,"column":2},"end":{"line":34,"column":3}},"loc":{"start":{"line":34,"column":11},"end":{"line":46,"column":3}},"line":34}},"branchMap":{"0":{"loc":{"start":{"line":35,"column":4},"end":{"line":44,"column":5}},"type":"if","locations":[{"start":{"line":35,"column":4},"end":{"line":44,"column":5}},{"start":{"line":35,"column":4},"end":{"line":44,"column":5}}],"line":35}},"s":{"0":1,"1":1,"2":1,"3":1,"4":0,"5":0,"6":1,"7":0,"8":1},"f":{"0":1,"1":1,"2":0,"3":0,"4":1},"b":{"0":[0,1]},"_coverageSchema":"1a1c01bbd47fc00a2c39e90264f33305004495a9","hash":"96e7c5d670d2384ae7211bf154ee8a3083897981"}
,"/Users/jacobwpeterson/SEI133/PPFEC/client/src/components/Description.jsx": {"path":"/Users/jacobwpeterson/SEI133/PPFEC/client/src/components/Description.jsx","statementMap":{"0":{"start":{"line":4,"column":20},"end":{"line":7,"column":1}},"1":{"start":{"line":9,"column":15},"end":{"line":13,"column":1}},"2":{"start":{"line":15,"column":13},"end":{"line":18,"column":1}},"3":{"start":{"line":20,"column":20},"end":{"line":25,"column":1}},"4":{"start":{"line":21,"column":2},"end":{"line":24,"column":16}}},"fnMap":{"0":{"name":"(anonymous_0)","decl":{"start":{"line":20,"column":20},"end":{"line":20,"column":21}},"loc":{"start":{"line":21,"column":2},"end":{"line":24,"column":16}},"line":21}},"branchMap":{},"s":{"0":1,"1":1,"2":1,"3":1,"4":0},"f":{"0":0},"b":{},"_coverageSchema":"1a1c01bbd47fc00a2c39e90264f33305004495a9","hash":"09c75c7c7398124a9ee8f74d0d74fdddafbd5213"}
,"/Users/jacobwpeterson/SEI133/PPFEC/client/src/components/Feature.jsx": {"path":"/Users/jacobwpeterson/SEI133/PPFEC/client/src/components/Feature.jsx","statementMap":{"0":{"start":{"line":4,"column":17},"end":{"line":9,"column":1}},"1":{"start":{"line":11,"column":16},"end":{"line":20,"column":1}},"2":{"start":{"line":12,"column":2},"end":{"line":16,"column":3}},"3":{"start":{"line":13,"column":4},"end":{"line":15,"column":6}},"4":{"start":{"line":17,"column":2},"end":{"line":19,"column":4}}},"fnMap":{"0":{"name":"(anonymous_0)","decl":{"start":{"line":11,"column":16},"end":{"line":11,"column":17}},"loc":{"start":{"line":11,"column":33},"end":{"line":20,"column":1}},"line":11}},"branchMap":{"0":{"loc":{"start":{"line":12,"column":2},"end":{"line":16,"column":3}},"type":"if","locations":[{"start":{"line":12,"column":2},"end":{"line":16,"column":3}},{"start":{"line":12,"column":2},"end":{"line":16,"column":3}}],"line":12}},"s":{"0":1,"1":1,"2":0,"3":0,"4":0},"f":{"0":0},"b":{"0":[0,0]},"_coverageSchema":"1a1c01bbd47fc00a2c39e90264f33305004495a9","hash":"6f1ee2ea280880598c1a9a6214bcb45242ba87fd"}
,"/Users/jacobwpeterson/SEI133/PPFEC/client/src/components/FeaturesList.jsx": {"path":"/Users/jacobwpeterson/SEI133/PPFEC/client/src/components/FeaturesList.jsx","statementMap":{"0":{"start":{"line":5,"column":13},"end":{"line":8,"column":1}},"1":{"start":{"line":10,"column":21},"end":{"line":14,"column":1}},"2":{"start":{"line":11,"column":2},"end":{"line":13,"column":9}},"3":{"start":{"line":12,"column":38},"end":{"line":12,"column":79}}},"fnMap":{"0":{"name":"(anonymous_0)","decl":{"start":{"line":10,"column":21},"end":{"line":10,"column":22}},"loc":{"start":{"line":11,"column":2},"end":{"line":13,"column":9}},"line":11},"1":{"name":"(anonymous_1)","decl":{"start":{"line":12,"column":18},"end":{"line":12,"column":19}},"loc":{"start":{"line":12,"column":38},"end":{"line":12,"column":79}},"line":12}},"branchMap":{},"s":{"0":1,"1":1,"2":0,"3":0},"f":{"0":0,"1":0},"b":{},"_coverageSchema":"1a1c01bbd47fc00a2c39e90264f33305004495a9","hash":"1ea1f83e100e024c20313472e1c965513583bb6e"}
,"/Users/jacobwpeterson/SEI133/PPFEC/client/src/components/Product.jsx": {"path":"/Users/jacobwpeterson/SEI133/PPFEC/client/src/components/Product.jsx","statementMap":{"0":{"start":{"line":9,"column":19},"end":{"line":14,"column":1}},"1":{"start":{"line":16,"column":22},"end":{"line":21,"column":1}},"2":{"start":{"line":23,"column":16},"end":{"line":34,"column":1}},"3":{"start":{"line":24,"column":2},"end":{"line":33,"column":8}}},"fnMap":{"0":{"name":"(anonymous_0)","decl":{"start":{"line":23,"column":16},"end":{"line":23,"column":17}},"loc":{"start":{"line":24,"column":2},"end":{"line":33,"column":8}},"line":24}},"branchMap":{},"s":{"0":1,"1":1,"2":1,"3":0},"f":{"0":0},"b":{},"_coverageSchema":"1a1c01bbd47fc00a2c39e90264f33305004495a9","hash":"a14a948dbd625df155a64f532218adb3b38ee8b7"}
,"/Users/jacobwpeterson/SEI133/PPFEC/client/src/components/ProductImages.jsx": {"path":"/Users/jacobwpeterson/SEI133/PPFEC/client/src/components/ProductImages.jsx","statementMap":{"0":{"start":{"line":6,"column":16},"end":{"line":9,"column":1}},"1":{"start":{"line":11,"column":22},"end":{"line":16,"column":1}},"2":{"start":{"line":12,"column":2},"end":{"line":15,"column":12}}},"fnMap":{"0":{"name":"(anonymous_0)","decl":{"start":{"line":11,"column":22},"end":{"line":11,"column":23}},"loc":{"start":{"line":12,"column":2},"end":{"line":15,"column":12}},"line":12}},"branchMap":{},"s":{"0":1,"1":1,"2":0},"f":{"0":0},"b":{},"_coverageSchema":"1a1c01bbd47fc00a2c39e90264f33305004495a9","hash":"10468379951e18227e5923e4a6744dada4aecbde"}
,"/Users/jacobwpeterson/SEI133/PPFEC/client/src/components/ProductOverview.jsx": {"path":"/Users/jacobwpeterson/SEI133/PPFEC/client/src/components/ProductOverview.jsx","statementMap":{"0":{"start":{"line":6,"column":16},"end":{"line":10,"column":1}},"1":{"start":{"line":12,"column":17},"end":{"line":15,"column":1}},"2":{"start":{"line":17,"column":13},"end":{"line":21,"column":1}},"3":{"start":{"line":23,"column":14},"end":{"line":27,"column":1}},"4":{"start":{"line":29,"column":24},"end":{"line":40,"column":1}},"5":{"start":{"line":30,"column":2},"end":{"line":39,"column":12}}},"fnMap":{"0":{"name":"(anonymous_0)","decl":{"start":{"line":29,"column":24},"end":{"line":29,"column":25}},"loc":{"start":{"line":30,"column":2},"end":{"line":39,"column":12}},"line":30}},"branchMap":{},"s":{"0":1,"1":1,"2":1,"3":1,"4":1,"5":0},"f":{"0":0},"b":{},"_coverageSchema":"1a1c01bbd47fc00a2c39e90264f33305004495a9","hash":"c66a8d4354b2dba38f9ceb31ed54c35b291ee672"}
,"/Users/jacobwpeterson/SEI133/PPFEC/client/src/components/QnA.jsx": {"path":"/Users/jacobwpeterson/SEI133/PPFEC/client/src/components/QnA.jsx","statementMap":{"0":{"start":{"line":5,"column":4},"end":{"line":5,"column":17}},"1":{"start":{"line":6,"column":4},"end":{"line":8,"column":6}},"2":{"start":{"line":12,"column":4},"end":{"line":14,"column":6}}},"fnMap":{"0":{"name":"(anonymous_0)","decl":{"start":{"line":4,"column":2},"end":{"line":4,"column":3}},"loc":{"start":{"line":4,"column":21},"end":{"line":9,"column":3}},"line":4},"1":{"name":"(anonymous_1)","decl":{"start":{"line":11,"column":2},"end":{"line":11,"column":3}},"loc":{"start":{"line":11,"column":11},"end":{"line":15,"column":3}},"line":11}},"branchMap":{},"s":{"0":0,"1":0,"2":0},"f":{"0":0,"1":0},"b":{},"_coverageSchema":"1a1c01bbd47fc00a2c39e90264f33305004495a9","hash":"a11e27cb06b33971f7d2a445b35fa4d2cab56663"}
,"/Users/jacobwpeterson/SEI133/PPFEC/client/src/components/Reviews.jsx": {"path":"/Users/jacobwpeterson/SEI133/PPFEC/client/src/components/Reviews.jsx","statementMap":{"0":{"start":{"line":5,"column":4},"end":{"line":5,"column":17}},"1":{"start":{"line":6,"column":4},"end":{"line":8,"column":6}},"2":{"start":{"line":12,"column":4},"end":{"line":14,"column":6}}},"fnMap":{"0":{"name":"(anonymous_0)","decl":{"start":{"line":4,"column":2},"end":{"line":4,"column":3}},"loc":{"start":{"line":4,"column":21},"end":{"line":9,"column":3}},"line":4},"1":{"name":"(anonymous_1)","decl":{"start":{"line":11,"column":2},"end":{"line":11,"column":3}},"loc":{"start":{"line":11,"column":11},"end":{"line":15,"column":3}},"line":11}},"branchMap":{},"s":{"0":0,"1":0,"2":0},"f":{"0":0,"1":0},"b":{},"_coverageSchema":"1a1c01bbd47fc00a2c39e90264f33305004495a9","hash":"75bdf254d832884d10ed38c32560ffe1224f7a6b"}
,"/Users/jacobwpeterson/SEI133/PPFEC/client/src/components/StylesComponent.jsx": {"path":"/Users/jacobwpeterson/SEI133/PPFEC/client/src/components/StylesComponent.jsx","statementMap":{"0":{"start":{"line":4,"column":21},"end":{"line":7,"column":1}},"1":{"start":{"line":9,"column":15},"end":{"line":15,"column":1}},"2":{"start":{"line":10,"column":2},"end":{"line":14,"column":17}}},"fnMap":{"0":{"name":"(anonymous_0)","decl":{"start":{"line":9,"column":15},"end":{"line":9,"column":16}},"loc":{"start":{"line":10,"column":2},"end":{"line":14,"column":17}},"line":10}},"branchMap":{},"s":{"0":1,"1":1,"2":0},"f":{"0":0},"b":{},"_coverageSchema":"1a1c01bbd47fc00a2c39e90264f33305004495a9","hash":"d696d8373dad9d810800513f962750e29c70bf2f"}
,"/Users/jacobwpeterson/SEI133/PPFEC/client/src/components/Thumbnails.jsx": {"path":"/Users/jacobwpeterson/SEI133/PPFEC/client/src/components/Thumbnails.jsx","statementMap":{"0":{"start":{"line":4,"column":15},"end":{"line":7,"column":1}},"1":{"start":{"line":9,"column":19},"end":{"line":13,"column":1}},"2":{"start":{"line":10,"column":2},"end":{"line":12,"column":11}},"3":{"start":{"line":11,"column":28},"end":{"line":11,"column":124}}},"fnMap":{"0":{"name":"(anonymous_0)","decl":{"start":{"line":9,"column":19},"end":{"line":9,"column":20}},"loc":{"start":{"line":10,"column":2},"end":{"line":12,"column":11}},"line":10},"1":{"name":"(anonymous_1)","decl":{"start":{"line":11,"column":17},"end":{"line":11,"column":18}},"loc":{"start":{"line":11,"column":28},"end":{"line":11,"column":124}},"line":11}},"branchMap":{},"s":{"0":1,"1":1,"2":0,"3":0},"f":{"0":0,"1":0},"b":{},"_coverageSchema":"1a1c01bbd47fc00a2c39e90264f33305004495a9","hash":"1ceefd3c28d4eb17750894c84f6148419b0f884d"}
,"/Users/jacobwpeterson/SEI133/PPFEC/tests/sum.js": {"path":"/Users/jacobwpeterson/SEI133/PPFEC/tests/sum.js","statementMap":{"0":{"start":{"line":2,"column":2},"end":{"line":2,"column":15}},"1":{"start":{"line":4,"column":0},"end":{"line":4,"column":21}}},"fnMap":{"0":{"name":"sum","decl":{"start":{"line":1,"column":9},"end":{"line":1,"column":12}},"loc":{"start":{"line":1,"column":19},"end":{"line":3,"column":1}},"line":1}},"branchMap":{},"s":{"0":1,"1":1},"f":{"0":1},"b":{},"_coverageSchema":"1a1c01bbd47fc00a2c39e90264f33305004495a9","hash":"8a2ba4e7ba52e23d2670a1b8d4c826703b3c66eb"}
}
