TN:
SF:client/src/components/App.jsx
FN:8,(anonymous_0)
FN:19,(anonymous_1)
FN:22,(anonymous_2)
FN:31,(anonymous_3)
FN:35,(anonymous_4)
FNF:5
FNH:3
FNDA:1,(anonymous_0)
FNDA:1,(anonymous_1)
FNDA:0,(anonymous_2)
FNDA:0,(anonymous_3)
FNDA:1,(anonymous_4)
DA:9,1
DA:10,1
DA:20,1
DA:21,1
DA:23,0
DA:31,0
DA:36,1
DA:37,0
DA:45,1
LF:9
LH:6
BRDA:36,0,0,0
BRDA:36,0,1,1
BRF:2
BRH:1
end_of_record
TN:
SF:client/src/components/Product.jsx
FN:4,(anonymous_0)
FN:11,(anonymous_1)
FNF:2
FNH:0
FNDA:0,(anonymous_0)
FNDA:0,(anonymous_1)
DA:5,0
DA:6,0
DA:13,0
LF:3
LH:0
BRF:0
BRH:0
end_of_record
TN:
SF:client/src/components/QnA.jsx
FN:4,(anonymous_0)
FN:11,(anonymous_1)
FNF:2
FNH:0
FNDA:0,(anonymous_0)
FNDA:0,(anonymous_1)
DA:5,0
DA:6,0
DA:12,0
LF:3
LH:0
BRF:0
BRH:0
end_of_record
TN:
SF:client/src/components/Reviews.jsx
FN:43,(anonymous_0)
FNF:1
FNH:0
FNDA:0,(anonymous_0)
DA:8,1
DA:20,1
DA:26,1
DA:33,1
DA:43,1
DA:44,0
DA:45,0
DA:46,0
DA:47,0
LF:9
LH:5
BRF:0
BRH:0
end_of_record
TN:
SF:client/src/components/reviewsSubComponents/AddReviewForm.jsx
FN:41,(anonymous_0)
FN:48,(anonymous_1)
FN:66,(anonymous_2)
FN:70,(anonymous_3)
FNF:4
FNH:0
FNDA:0,(anonymous_0)
FNDA:0,(anonymous_1)
FNDA:0,(anonymous_2)
FNDA:0,(anonymous_3)
DA:6,1
DA:15,1
DA:20,1
DA:26,1
DA:32,1
DA:42,0
DA:43,0
DA:49,0
DA:50,0
DA:67,0
DA:71,0
LF:11
LH:5
BRF:0
BRH:0
end_of_record
TN:
SF:client/src/components/reviewsSubComponents/Modal.jsx
FN:37,(anonymous_0)
FNF:1
FNH:0
FNDA:0,(anonymous_0)
DA:5,1
DA:20,1
DA:38,0
LF:3
LH:2
BRF:0
BRH:0
end_of_record
TN:
SF:client/src/components/reviewsSubComponents/ProductBreakDown.jsx
FN:37,(anonymous_0)
FN:40,getRange
FN:50,(anonymous_2)
FN:53,(anonymous_3)
FN:65,(anonymous_4)
FNF:5
FNH:0
FNDA:0,(anonymous_0)
FNDA:0,getRange
FNDA:0,(anonymous_2)
FNDA:0,(anonymous_3)
FNDA:0,(anonymous_4)
DA:4,1
DA:8,1
DA:13,1
DA:19,1
DA:26,1
DA:31,1
DA:37,0
DA:41,0
DA:42,0
DA:43,0
DA:44,0
DA:45,0
DA:47,0
DA:50,1
DA:51,0
DA:52,0
DA:54,0
DA:55,0
DA:56,0
DA:66,0
LF:20
LH:7
BRDA:44,0,0,0
BRDA:44,0,1,0
BRF:2
BRH:0
end_of_record
TN:
SF:client/src/components/reviewsSubComponents/RatingBreakDown.jsx
FN:33,(anonymous_0)
FN:43,(anonymous_1)
FN:52,(anonymous_2)
FN:57,(anonymous_3)
FN:67,(anonymous_4)
FN:73,(anonymous_5)
FN:78,(anonymous_6)
FNF:7
FNH:0
FNDA:0,(anonymous_0)
FNDA:0,(anonymous_1)
FNDA:0,(anonymous_2)
FNDA:0,(anonymous_3)
FNDA:0,(anonymous_4)
FNDA:0,(anonymous_5)
FNDA:0,(anonymous_6)
DA:4,1
DA:13,1
DA:19,1
DA:26,1
DA:31,1
DA:33,0
DA:36,1
DA:44,0
DA:45,0
DA:48,0
DA:49,0
DA:53,0
DA:54,0
DA:55,0
DA:56,0
DA:57,0
DA:58,0
DA:60,0
DA:61,0
DA:63,0
DA:64,0
DA:68,0
DA:69,0
DA:74,0
DA:75,0
DA:79,0
LF:26
LH:6
BRDA:60,0,0,0
BRDA:60,0,1,0
BRF:2
BRH:0
end_of_record
TN:
SF:client/src/components/reviewsSubComponents/RatingStars.jsx
FN:15,(anonymous_0)
FN:33,(anonymous_1)
FNF:2
FNH:0
FNDA:0,(anonymous_0)
FNDA:0,(anonymous_1)
DA:4,1
DA:15,0
DA:33,1
DA:34,0
LF:4
LH:2
BRF:0
BRH:0
end_of_record
TN:
SF:client/src/components/reviewsSubComponents/RatingSummary.jsx
FN:17,(anonymous_0)
FN:21,(anonymous_1)
FNF:2
FNH:0
FNDA:0,(anonymous_0)
FNDA:0,(anonymous_1)
DA:5,1
DA:10,1
DA:17,1
DA:18,0
DA:19,0
DA:20,0
DA:21,0
DA:22,0
DA:23,0
DA:26,0
DA:27,0
LF:11
LH:3
BRF:0
BRH:0
end_of_record
TN:
SF:client/src/components/reviewsSubComponents/ReviewTile.jsx
FN:46,(anonymous_0)
FN:53,(anonymous_1)
FN:87,(anonymous_2)
FNF:3
FNH:0
FNDA:0,(anonymous_0)
FNDA:0,(anonymous_1)
FNDA:0,(anonymous_2)
DA:6,1
DA:12,1
DA:15,1
DA:21,1
DA:26,1
DA:39,1
DA:47,0
DA:48,0
DA:54,0
DA:57,0
DA:59,0
DA:60,0
DA:61,0
DA:62,0
DA:65,0
DA:70,0
DA:71,0
DA:74,0
DA:75,0
DA:84,0
DA:85,0
DA:88,0
DA:94,0
LF:23
LH:6
BRDA:70,0,0,0
BRDA:70,0,1,0
BRDA:74,1,0,0
BRDA:74,1,1,0
BRDA:84,2,0,0
BRDA:84,2,1,0
BRF:6
BRH:0
end_of_record
TN:
SF:client/src/components/reviewsSubComponents/ReviewsList.jsx
FN:39,(anonymous_0)
FN:51,(anonymous_1)
FN:64,(anonymous_2)
FN:73,(anonymous_3)
FN:78,(anonymous_4)
FN:90,(anonymous_5)
FN:106,(anonymous_6)
FNF:7
FNH:0
FNDA:0,(anonymous_0)
FNDA:0,(anonymous_1)
FNDA:0,(anonymous_2)
FNDA:0,(anonymous_3)
FNDA:0,(anonymous_4)
FNDA:0,(anonymous_5)
FNDA:0,(anonymous_6)
DA:7,1
DA:15,1
DA:22,1
DA:30,1
DA:40,0
DA:41,0
DA:47,0
DA:48,0
DA:52,0
DA:53,0
DA:54,0
DA:55,0
DA:56,0
DA:58,0
DA:65,0
DA:66,0
DA:67,0
DA:68,0
DA:69,0
DA:70,0
DA:71,0
DA:73,0
DA:79,0
DA:80,0
DA:84,0
DA:93,0
DA:94,0
DA:97,0
DA:98,0
DA:107,0
LF:30
LH:4
BRDA:68,0,0,0
BRDA:68,0,1,0
BRDA:79,1,0,0
BRDA:79,1,1,0
BRDA:93,2,0,0
BRDA:93,2,1,0
BRDA:112,3,0,0
BRDA:112,3,1,0
BRF:8
BRH:0
end_of_record
TN:
SF:tests/sum.js
FN:1,sum
FNF:1
FNH:1
FNDA:1,sum
DA:2,1
DA:4,1
LF:2
LH:2
BRF:0
BRH:0
end_of_record
